Subscription; username: bikram
Subscription; username: borishth
Subscription; username: bikram Date / Time 
Subscription; username: bikram Date / Time 
Subscription; username: bikram Date / Time 
Subscription; username: bikram Date / Time: 268b3295ebcc4f4ff2181ab92149a1b5
Subscription; username: bikram Date / Time: 
Subscription; username: bikram Date / Time: 
Subscription; username: bikram Date / Time: 
Subscription; username: bikram Email: 
Subscription; username: bikram Email: '1970-01-01 05:30:00'
Subscription; username: bikram Email: '1970-01-01 05:30:00'
Subscription; username: bikram, Date: '1970-01-01 05:30:00'
Subscription; username: bikram, Date: '01-01-1970'
Subscription; username: bikram, Date: '01-01-1970'
Subscription; username: bikram, Date: '01-01-1970'
Subscription; username: bikram, Email: 
Subscription; username: root, Email: 
Subscription; username: root, Email: 
Subscription; username: root, Email: 
Subscription; username: root, Email: 
Subscription; username: root, Email: 
Subscription; username: root, Email: 
Subscription; username: root, Email: 
Subscription; username: root, Email: 
Subscription; username: bikram, Email: 
Subscription; username: bikram, Email: 
Subscription; username: bikram, Email: 
Subscription; username: bikram
Subscription; username: bikram
